2019-03-19T02:56:42.853352+00:00 app[web.1]: at io.ktor.routing.Routing.interceptor(Routing.kt:29)
2019-03-19T02:56:42.853354+00:00 app[web.1]: at io.ktor.routing.Routing$Feature$install$1.invokeSuspend(Routing.kt:93)
2019-03-19T02:56:42.853355+00:00 app[web.1]: at io.ktor.routing.Routing$Feature$install$1.invoke(Routing.kt)
2019-03-19T02:56:42.853356+00:00 app[web.1]: at io.ktor.util.pipeline.SuspendFunctionGun.loop(PipelineContext.kt:278)
2019-03-19T02:56:42.853358+00:00 app[web.1]: at io.ktor.util.pipeline.SuspendFunctionGun.access$loop(PipelineContext.kt:63)
2019-03-19T02:56:42.853360+00:00 app[web.1]: at io.ktor.util.pipeline.SuspendFunctionGun.proceed(PipelineContext.kt:137)
2019-03-19T02:56:42.853370+00:00 app[web.1]: at io.ktor.features.ContentNegotiation$Feature$install$1.invokeSuspend(ContentNegotiation.kt:63)
2019-03-19T02:56:42.853372+00:00 app[web.1]: at io.ktor.features.ContentNegotiation$Feature$install$1.invoke(ContentNegotiation.kt)
2019-03-19T02:56:42.853373+00:00 app[web.1]: at io.ktor.util.pipeline.SuspendFunctionGun.loop(PipelineContext.kt:278)
2019-03-19T02:56:42.853375+00:00 app[web.1]: at io.ktor.util.pipeline.SuspendFunctionGun.access$loop(PipelineContext.kt:63)
2019-03-19T02:56:42.853376+00:00 app[web.1]: at io.ktor.util.pipeline.SuspendFunctionGun.proceed(PipelineContext.kt:137)
2019-03-19T02:56:42.853378+00:00 app[web.1]: at io.ktor.util.pipeline.SuspendFunctionGun.execute(PipelineContext.kt:157)
2019-03-19T02:56:42.853379+00:00 app[web.1]: at io.ktor.util.pipeline.Pipeline.execute(Pipeline.kt:23)
2019-03-19T02:56:42.853381+00:00 app[web.1]: at io.ktor.server.engine.DefaultEnginePipelineKt$defaultEnginePipeline$2.invokeSuspend(DefaultEnginePipeline.kt:106)
2019-03-19T02:56:42.853383+00:00 app[web.1]: at io.ktor.server.engine.DefaultEnginePipelineKt$defaultEnginePipeline$2.invoke(DefaultEnginePipeline.kt)
2019-03-19T02:56:42.853384+00:00 app[web.1]: at io.ktor.util.pipeline.SuspendFunctionGun.loop(PipelineContext.kt:278)
2019-03-19T02:56:42.853386+00:00 app[web.1]: at io.ktor.util.pipeline.SuspendFunctionGun.access$loop(PipelineContext.kt:63)
2019-03-19T02:56:42.853388+00:00 app[web.1]: at io.ktor.util.pipeline.SuspendFunctionGun.proceed(PipelineContext.kt:137)
2019-03-19T02:56:42.853389+00:00 app[web.1]: at io.ktor.util.pipeline.SuspendFunctionGun.execute(PipelineContext.kt:157)
2019-03-19T02:56:42.853391+00:00 app[web.1]: at io.ktor.util.pipeline.Pipeline.execute(Pipeline.kt:23)
2019-03-19T02:56:42.853392+00:00 app[web.1]: at io.ktor.server.netty.NettyApplicationCallHandler$handleRequest$1.invokeSuspend(NettyApplicationCallHandler.kt:31)
2019-03-19T02:56:42.853394+00:00 app[web.1]: at io.ktor.server.netty.NettyApplicationCallHandler$handleRequest$1.invoke(NettyApplicationCallHandler.kt)
2019-03-19T02:56:42.853395+00:00 app[web.1]: at kotlinx.coroutines.intrinsics.UndispatchedKt.startCoroutineUndispatched(Undispatched.kt:55)
2019-03-19T02:56:42.853396+00:00 app[web.1]: at kotlinx.coroutines.CoroutineStart.invoke(CoroutineStart.kt:111)
2019-03-19T02:56:42.853398+00:00 app[web.1]: at kotlinx.coroutines.AbstractCoroutine.start(AbstractCoroutine.kt:160)
2019-03-19T02:56:42.853400+00:00 app[web.1]: at kotlinx.coroutines.BuildersKt__Builders_commonKt.launch(Builders.common.kt:54)
2019-03-19T02:56:42.853401+00:00 app[web.1]: at kotlinx.coroutines.BuildersKt.launch(Unknown Source)
2019-03-19T02:56:42.853402+00:00 app[web.1]: at io.ktor.server.netty.NettyApplicationCallHandler.handleRequest(NettyApplicationCallHandler.kt:22)
2019-03-19T02:56:42.853404+00:00 app[web.1]: at io.ktor.server.netty.NettyApplicationCallHandler.channelRead(NettyApplicationCallHandler.kt:16)
2019-03-19T02:56:42.853420+00:00 app[web.1]: at io.netty.channel.AbstractChannelHandlerContext.invokeChannelRead(AbstractChannelHandlerContext.java:362)
2019-03-19T02:56:42.853422+00:00 app[web.1]: at io.netty.channel.AbstractChannelHandlerContext.access$600(AbstractChannelHandlerContext.java:38)
2019-03-19T02:56:42.853423+00:00 app[web.1]: at io.netty.channel.AbstractChannelHandlerContext$7.run(AbstractChannelHandlerContext.java:353)
2019-03-19T02:56:42.853425+00:00 app[web.1]: at io.netty.util.concurrent.AbstractEventExecutor.safeExecute(AbstractEventExecutor.java:163)
2019-03-19T02:56:42.853426+00:00 app[web.1]: at io.netty.util.concurrent.SingleThreadEventExecutor.runAllTasks(SingleThreadEventExecutor.java:404)
2019-03-19T02:56:42.853428+00:00 app[web.1]: at io.netty.channel.nio.NioEventLoop.run(NioEventLoop.java:463)
2019-03-19T02:56:42.853429+00:00 app[web.1]: at io.netty.util.concurrent.SingleThreadEventExecutor$5.run(SingleThreadEventExecutor.java:884)
2019-03-19T02:56:42.853431+00:00 app[web.1]: at io.netty.util.concurrent.FastThreadLocalRunnable.run(FastThreadLocalRunnable.java:30)
2019-03-19T02:56:42.853433+00:00 app[web.1]: at java.lang.Thread.run(Thread.java:748)
2019-03-19T02:56:42.854916+00:00 heroku[router]: at=info method=GET path="/" host=thavalon-reborn.herokuapp.com request_id=6782ff38-01ed-4e47-9f21-c1fa56f6f0a0 fwd="138.16.115.63" dyno=web.1 connect=0ms service=8ms status=500 bytes=76 protocol=http
2019-03-19T02:56:48.935593+00:00 heroku[router]: at=info method=GET path="/" host=thavalon-reborn.herokuapp.com request_id=4905e129-eb10-4f2e-bbe9-e457c98fe47d fwd="138.16.115.63" dyno=web.1 connect=0ms service=6ms status=500 bytes=76 protocol=http
2019-03-19T02:56:48.934574+00:00 app[web.1]: 2019-03-19 02:56:48.934 [nettyCallPool-4-8] ERROR ktor.application - Unhandled: GET - /
2019-03-19T02:56:48.934585+00:00 app[web.1]: java.nio.file.NoSuchFileException: react/build/index.html
2019-03-19T02:56:48.934587+00:00 app[web.1]: at sun.nio.fs.UnixException.translateToIOException(UnixException.java:86)
2019-03-19T02:56:48.934589+00:00 app[web.1]: at sun.nio.fs.UnixException.rethrowAsIOException(UnixException.java:102)
2019-03-19T02:56:48.934590+00:00 app[web.1]: at sun.nio.fs.UnixException.rethrowAsIOException(UnixException.java:107)
2019-03-19T02:56:48.934592+00:00 app[web.1]: at sun.nio.fs.UnixFileAttributeViews$Basic.readAttributes(UnixFileAttributeViews.java:55)
2019-03-19T02:56:48.934594+00:00 app[web.1]: at sun.nio.fs.UnixFileSystemProvider.readAttributes(UnixFileSystemProvider.java:144)
2019-03-19T02:56:48.934595+00:00 app[web.1]: at sun.nio.fs.LinuxFileSystemProvider.readAttributes(LinuxFileSystemProvider.java:99)
2019-03-19T02:56:48.934597+00:00 app[web.1]: at java.nio.file.Files.readAttributes(Files.java:1737)
2019-03-19T02:56:48.934599+00:00 app[web.1]: at java.nio.file.Files.getLastModifiedTime(Files.java:2266)
2019-03-19T02:56:48.934601+00:00 app[web.1]: at io.ktor.http.content.LocalFileContent.<init>(LocalFileContent.kt:23)
2019-03-19T02:56:48.934603+00:00 app[web.1]: at io.ktor.http.content.LocalFileContent.<init>(LocalFileContent.kt:17)
2019-03-19T02:56:48.934604+00:00 app[web.1]: at io.ktor.response.ApplicationResponseFunctionsKt.respondFile(ApplicationResponseFunctions.kt:94)
2019-03-19T02:56:48.934606+00:00 app[web.1]: at io.ktor.response.ApplicationResponseFunctionsKt.respondFile$default(ApplicationResponseFunctions.kt:93)
2019-03-19T02:56:48.934608+00:00 app[web.1]: at main.SiteKt$main$server$1$2$2.invokeSuspend(Site.kt:56)
2019-03-19T02:56:48.934609+00:00 app[web.1]: at main.SiteKt$main$server$1$2$2.invoke(Site.kt)
2019-03-19T02:56:48.934611+00:00 app[web.1]: at io.ktor.util.pipeline.SuspendFunctionGun.loop(PipelineContext.kt:278)
2019-03-19T02:56:48.934612+00:00 app[web.1]: at io.ktor.util.pipeline.SuspendFunctionGun.access$loop(PipelineContext.kt:63)
2019-03-19T02:56:48.934614+00:00 app[web.1]: at io.ktor.util.pipeline.SuspendFunctionGun.proceed(PipelineContext.kt:137)
2019-03-19T02:56:48.934615+00:00 app[web.1]: at io.ktor.util.pipeline.SuspendFunctionGun.execute(PipelineContext.kt:157)
2019-03-19T02:56:48.934617+00:00 app[web.1]: at io.ktor.util.pipeline.Pipeline.execute(Pipeline.kt:23)
2019-03-19T02:56:48.934618+00:00 app[web.1]: at io.ktor.routing.Routing.executeResult(Routing.kt:148)
2019-03-19T02:56:48.934620+00:00 app[web.1]: at io.ktor.routing.Routing.interceptor(Routing.kt:29)
2019-03-19T02:56:48.934621+00:00 app[web.1]: at io.ktor.routing.Routing$Feature$install$1.invokeSuspend(Routing.kt:93)
2019-03-19T02:56:48.934623+00:00 app[web.1]: at io.ktor.routing.Routing$Feature$install$1.invoke(Routing.kt)
2019-03-19T02:56:48.934624+00:00 app[web.1]: at io.ktor.util.pipeline.SuspendFunctionGun.loop(PipelineContext.kt:278)
2019-03-19T02:56:48.934626+00:00 app[web.1]: at io.ktor.util.pipeline.SuspendFunctionGun.access$loop(PipelineContext.kt:63)
2019-03-19T02:56:48.934627+00:00 app[web.1]: at io.ktor.util.pipeline.SuspendFunctionGun.proceed(PipelineContext.kt:137)
2019-03-19T02:56:48.934629+00:00 app[web.1]: at io.ktor.features.ContentNegotiation$Feature$install$1.invokeSuspend(ContentNegotiation.kt:63)
2019-03-19T02:56:48.934630+00:00 app[web.1]: at io.ktor.features.ContentNegotiation$Feature$install$1.invoke(ContentNegotiation.kt)
2019-03-19T02:56:48.934632+00:00 app[web.1]: at io.ktor.util.pipeline.SuspendFunctionGun.loop(PipelineContext.kt:278)
2019-03-19T02:56:48.934633+00:00 app[web.1]: at io.ktor.util.pipeline.SuspendFunctionGun.access$loop(PipelineContext.kt:63)
2019-03-19T02:56:48.934635+00:00 app[web.1]: at io.ktor.util.pipeline.SuspendFunctionGun.proceed(PipelineContext.kt:137)
2019-03-19T02:56:48.934636+00:00 app[web.1]: at io.ktor.util.pipeline.SuspendFunctionGun.execute(PipelineContext.kt:157)
2019-03-19T02:56:48.934638+00:00 app[web.1]: at io.ktor.util.pipeline.Pipeline.execute(Pipeline.kt:23)
2019-03-19T02:56:48.934639+00:00 app[web.1]: at io.ktor.server.engine.DefaultEnginePipelineKt$defaultEnginePipeline$2.invokeSuspend(DefaultEnginePipeline.kt:106)
2019-03-19T02:56:48.934641+00:00 app[web.1]: at io.ktor.server.engine.DefaultEnginePipelineKt$defaultEnginePipeline$2.invoke(DefaultEnginePipeline.kt)
2019-03-19T02:56:48.934642+00:00 app[web.1]: at io.ktor.util.pipeline.SuspendFunctionGun.loop(PipelineContext.kt:278)
2019-03-19T02:56:48.934643+00:00 app[web.1]: at io.ktor.util.pipeline.SuspendFunctionGun.access$loop(PipelineContext.kt:63)
2019-03-19T02:56:48.934645+00:00 app[web.1]: at io.ktor.util.pipeline.SuspendFunctionGun.proceed(PipelineContext.kt:137)
2019-03-19T02:56:48.934646+00:00 app[web.1]: at io.ktor.util.pipeline.SuspendFunctionGun.execute(PipelineContext.kt:157)
2019-03-19T02:56:48.934648+00:00 app[web.1]: at io.ktor.util.pipeline.Pipeline.execute(Pipeline.kt:23)
2019-03-19T02:56:48.934649+00:00 app[web.1]: at io.ktor.server.netty.NettyApplicationCallHandler$handleRequest$1.invokeSuspend(NettyApplicationCallHandler.kt:31)
2019-03-19T02:56:48.934651+00:00 app[web.1]: at io.ktor.server.netty.NettyApplicationCallHandler$handleRequest$1.invoke(NettyApplicationCallHandler.kt)
2019-03-19T02:56:48.934652+00:00 app[web.1]: at kotlinx.coroutines.intrinsics.UndispatchedKt.startCoroutineUndispatched(Undispatched.kt:55)
2019-03-19T02:56:48.934654+00:00 app[web.1]: at kotlinx.coroutines.CoroutineStart.invoke(CoroutineStart.kt:111)
2019-03-19T02:56:48.934655+00:00 app[web.1]: at kotlinx.coroutines.AbstractCoroutine.start(AbstractCoroutine.kt:160)
2019-03-19T02:56:48.934657+00:00 app[web.1]: at kotlinx.coroutines.BuildersKt__Builders_commonKt.launch(Builders.common.kt:54)
2019-03-19T02:56:48.934659+00:00 app[web.1]: at kotlinx.coroutines.BuildersKt.launch(Unknown Source)
2019-03-19T02:56:48.934660+00:00 app[web.1]: at io.ktor.server.netty.NettyApplicationCallHandler.handleRequest(NettyApplicationCallHandler.kt:22)
2019-03-19T02:56:48.934662+00:00 app[web.1]: at io.ktor.server.netty.NettyApplicationCallHandler.channelRead(NettyApplicationCallHandler.kt:16)
2019-03-19T02:56:48.934670+00:00 app[web.1]: at io.netty.channel.AbstractChannelHandlerContext.invokeChannelRead(AbstractChannelHandlerContext.java:362)
2019-03-19T02:56:48.934672+00:00 app[web.1]: at io.netty.channel.AbstractChannelHandlerContext.access$600(AbstractChannelHandlerContext.java:38)
2019-03-19T02:56:48.934673+00:00 app[web.1]: at io.netty.channel.AbstractChannelHandlerContext$7.run(AbstractChannelHandlerContext.java:353)
2019-03-19T02:56:48.934675+00:00 app[web.1]: at io.netty.util.concurrent.AbstractEventExecutor.safeExecute(AbstractEventExecutor.java:163)
2019-03-19T02:56:48.934676+00:00 app[web.1]: at io.netty.util.concurrent.SingleThreadEventExecutor.runAllTasks(SingleThreadEventExecutor.java:404)
2019-03-19T02:56:48.934678+00:00 app[web.1]: at io.netty.channel.nio.NioEventLoop.run(NioEventLoop.java:463)
2019-03-19T02:56:48.934680+00:00 app[web.1]: at io.netty.util.concurrent.SingleThreadEventExecutor$5.run(SingleThreadEventExecutor.java:884)
2019-03-19T02:56:48.934681+00:00 app[web.1]: at io.netty.util.concurrent.FastThreadLocalRunnable.run(FastThreadLocalRunnable.java:30)
2019-03-19T02:56:48.934683+00:00 app[web.1]: at java.lang.Thread.run(Thread.java:748)
